mode: set
github.com/proximahq/bunny-net-go/client.go:57.49,57.50 0 0
github.com/proximahq/bunny-net-go/client.go:63.55,81.27 4 1
github.com/proximahq/bunny-net-go/client.go:81.27,83.3 1 0
github.com/proximahq/bunny-net-go/client.go:85.2,85.13 1 1
github.com/proximahq/bunny-net-go/client.go:88.43,90.16 2 1
github.com/proximahq/bunny-net-go/client.go:90.16,91.64 1 0
github.com/proximahq/bunny-net-go/client.go:94.2,94.12 1 1
github.com/proximahq/bunny-net-go/client.go:100.91,102.16 2 0
github.com/proximahq/bunny-net-go/client.go:102.16,104.3 1 0
github.com/proximahq/bunny-net-go/client.go:106.2,107.16 2 0
github.com/proximahq/bunny-net-go/client.go:107.16,109.3 1 0
github.com/proximahq/bunny-net-go/client.go:111.2,115.17 4 0
github.com/proximahq/bunny-net-go/client.go:115.17,117.3 1 0
github.com/proximahq/bunny-net-go/client.go:119.2,119.17 1 0
github.com/proximahq/bunny-net-go/client.go:125.90,126.19 1 0
github.com/proximahq/bunny-net-go/client.go:126.19,128.17 2 0
github.com/proximahq/bunny-net-go/client.go:128.17,130.4 1 0
github.com/proximahq/bunny-net-go/client.go:131.3,131.45 1 0
github.com/proximahq/bunny-net-go/client.go:134.2,134.50 1 0
github.com/proximahq/bunny-net-go/client.go:137.50,140.17 2 0
github.com/proximahq/bunny-net-go/client.go:140.17,142.3 1 0
github.com/proximahq/bunny-net-go/client.go:144.2,148.41 4 0
github.com/proximahq/bunny-net-go/client.go:148.41,150.3 1 0
github.com/proximahq/bunny-net-go/client.go:152.2,152.17 1 0
github.com/proximahq/bunny-net-go/client.go:157.89,159.16 2 0
github.com/proximahq/bunny-net-go/client.go:159.16,161.3 1 0
github.com/proximahq/bunny-net-go/client.go:163.2,164.16 2 0
github.com/proximahq/bunny-net-go/client.go:164.16,166.3 1 0
github.com/proximahq/bunny-net-go/client.go:168.2,168.17 1 0
github.com/proximahq/bunny-net-go/client.go:173.91,175.16 2 0
github.com/proximahq/bunny-net-go/client.go:175.16,177.3 1 0
github.com/proximahq/bunny-net-go/client.go:179.2,179.53 1 0
github.com/proximahq/bunny-net-go/client.go:184.88,186.16 2 0
github.com/proximahq/bunny-net-go/client.go:186.16,188.3 1 0
github.com/proximahq/bunny-net-go/client.go:190.2,190.50 1 0
github.com/proximahq/bunny-net-go/client.go:204.96,205.16 1 0
github.com/proximahq/bunny-net-go/client.go:205.16,207.3 1 0
github.com/proximahq/bunny-net-go/client.go:209.2,212.16 3 0
github.com/proximahq/bunny-net-go/client.go:212.16,213.41 1 0
github.com/proximahq/bunny-net-go/client.go:213.41,214.44 1 0
github.com/proximahq/bunny-net-go/client.go:214.44,216.5 1 0
github.com/proximahq/bunny-net-go/client.go:219.3,219.13 1 0
github.com/proximahq/bunny-net-go/client.go:222.2,226.47 3 0
github.com/proximahq/bunny-net-go/client.go:226.47,228.3 1 0
github.com/proximahq/bunny-net-go/client.go:230.2,230.64 1 0
github.com/proximahq/bunny-net-go/client.go:233.51,235.15 2 1
github.com/proximahq/bunny-net-go/client.go:235.15,237.3 1 1
github.com/proximahq/bunny-net-go/client.go:239.2,240.16 2 1
github.com/proximahq/bunny-net-go/client.go:240.16,242.3 1 0
github.com/proximahq/bunny-net-go/client.go:244.2,244.36 1 1
github.com/proximahq/bunny-net-go/client.go:244.36,246.3 1 0
github.com/proximahq/bunny-net-go/client.go:248.2,248.12 1 1
github.com/proximahq/bunny-net-go/client.go:253.74,254.53 1 1
github.com/proximahq/bunny-net-go/client.go:254.53,256.3 1 0
github.com/proximahq/bunny-net-go/client.go:258.2,258.25 1 1
github.com/proximahq/bunny-net-go/client.go:259.31,261.17 2 0
github.com/proximahq/bunny-net-go/client.go:261.17,265.4 1 0
github.com/proximahq/bunny-net-go/client.go:267.3,269.4 1 0
github.com/proximahq/bunny-net-go/client.go:271.10,277.48 2 1
github.com/proximahq/bunny-net-go/client.go:287.86,291.16 3 1
github.com/proximahq/bunny-net-go/client.go:291.16,294.3 2 0
github.com/proximahq/bunny-net-go/client.go:296.2,296.32 1 1
github.com/proximahq/bunny-net-go/client.go:296.32,298.3 1 1
github.com/proximahq/bunny-net-go/client.go:300.2,301.16 2 1
github.com/proximahq/bunny-net-go/client.go:301.16,304.3 2 1
github.com/proximahq/bunny-net-go/client.go:306.2,307.66 2 1
github.com/proximahq/bunny-net-go/client.go:307.66,310.3 2 0
github.com/proximahq/bunny-net-go/client.go:312.2,313.16 2 1
github.com/proximahq/bunny-net-go/client.go:316.102,318.16 2 0
github.com/proximahq/bunny-net-go/client.go:318.16,324.3 1 0
github.com/proximahq/bunny-net-go/client.go:326.2,326.20 1 0
github.com/proximahq/bunny-net-go/client.go:326.20,327.20 1 0
github.com/proximahq/bunny-net-go/client.go:327.20,333.4 1 0
github.com/proximahq/bunny-net-go/client.go:335.3,335.13 1 0
github.com/proximahq/bunny-net-go/client.go:338.2,338.19 1 0
github.com/proximahq/bunny-net-go/client.go:338.19,341.3 2 0
github.com/proximahq/bunny-net-go/client.go:343.2,344.16 2 0
github.com/proximahq/bunny-net-go/client.go:344.16,351.3 1 0
github.com/proximahq/bunny-net-go/client.go:353.2,353.53 1 0
github.com/proximahq/bunny-net-go/client.go:353.53,360.3 1 0
github.com/proximahq/bunny-net-go/client.go:362.2,362.12 1 0
github.com/proximahq/bunny-net-go/client.go:369.55,370.30 1 0
github.com/proximahq/bunny-net-go/client.go:370.30,372.3 1 0
github.com/proximahq/bunny-net-go/client.go:374.2,378.21 3 0
github.com/proximahq/bunny-net-go/client.go:378.21,380.16 2 0
github.com/proximahq/bunny-net-go/client.go:380.16,380.65 1 0
github.com/proximahq/bunny-net-go/client.go:383.2,384.16 2 0
github.com/proximahq/bunny-net-go/client.go:384.16,387.3 2 0
github.com/proximahq/bunny-net-go/client.go:389.2,391.17 2 0
github.com/proximahq/bunny-net-go/client.go:394.68,395.31 1 0
github.com/proximahq/bunny-net-go/client.go:395.31,397.3 1 0
github.com/proximahq/bunny-net-go/client.go:399.2,400.16 2 0
github.com/proximahq/bunny-net-go/client.go:400.16,403.3 2 0
github.com/proximahq/bunny-net-go/client.go:405.2,405.90 1 0
github.com/proximahq/bunny-net-go/dnszone_add.go:10.84,17.2 1 0
github.com/proximahq/bunny-net-go/dnszone_add_dns_record.go:39.132,47.2 2 0
github.com/proximahq/bunny-net-go/dnszone_check_availability.go:15.120,17.2 1 0
github.com/proximahq/bunny-net-go/dnszone_delete.go:11.70,14.2 2 0
github.com/proximahq/bunny-net-go/dnszone_delete_dns_record.go:11.105,14.2 2 0
github.com/proximahq/bunny-net-go/dnszone_export.go:11.80,20.2 2 0
github.com/proximahq/bunny-net-go/dnszone_get.go:96.79,99.2 2 0
github.com/proximahq/bunny-net-go/dnszone_list.go:18.22,20.2 1 0
github.com/proximahq/bunny-net-go/dnszone_update.go:25.110,33.2 2 0
github.com/proximahq/bunny-net-go/dnszone_update_dns_record.go:11.140,14.2 2 0
github.com/proximahq/bunny-net-go/errors.go:25.36,32.23 3 1
github.com/proximahq/bunny-net-go/errors.go:32.23,34.3 1 1
github.com/proximahq/bunny-net-go/errors.go:36.2,36.21 1 1
github.com/proximahq/bunny-net-go/errors.go:39.45,42.27 2 1
github.com/proximahq/bunny-net-go/errors.go:42.27,44.3 1 1
github.com/proximahq/bunny-net-go/errors.go:46.2,46.12 1 1
github.com/proximahq/bunny-net-go/errors.go:55.46,57.2 1 0
github.com/proximahq/bunny-net-go/errors.go:70.35,74.22 3 1
github.com/proximahq/bunny-net-go/errors.go:74.22,78.20 3 1
github.com/proximahq/bunny-net-go/errors.go:78.20,81.4 2 1
github.com/proximahq/bunny-net-go/errors.go:82.8,83.20 1 0
github.com/proximahq/bunny-net-go/errors.go:83.20,86.4 2 0
github.com/proximahq/bunny-net-go/errors.go:89.2,89.21 1 1
github.com/proximahq/bunny-net-go/errors.go:89.21,93.3 2 1
github.com/proximahq/bunny-net-go/errors.go:95.2,95.21 1 1
github.com/proximahq/bunny-net-go/options.go:7.48,8.27 1 0
github.com/proximahq/bunny-net-go/options.go:8.27,10.3 1 0
github.com/proximahq/bunny-net-go/options.go:14.49,15.27 1 0
github.com/proximahq/bunny-net-go/options.go:15.27,17.3 1 0
github.com/proximahq/bunny-net-go/options.go:22.45,23.27 1 0
github.com/proximahq/bunny-net-go/options.go:23.27,25.3 1 0
github.com/proximahq/bunny-net-go/options.go:30.37,31.27 1 0
github.com/proximahq/bunny-net-go/options.go:31.27,33.3 1 0
github.com/proximahq/bunny-net-go/pullzone_add.go:22.97,29.2 1 0
github.com/proximahq/bunny-net-go/pullzone_add_custom_certificate.go:20.136,23.2 2 0
github.com/proximahq/bunny-net-go/pullzone_add_custom_hostname.go:20.122,23.2 2 0
github.com/proximahq/bunny-net-go/pullzone_delete.go:11.71,14.2 2 0
github.com/proximahq/bunny-net-go/pullzone_edgerule_add_update.go:28.126,31.2 2 0
github.com/proximahq/bunny-net-go/pullzone_edgerule_set_enabled.go:22.145,23.17 1 0
github.com/proximahq/bunny-net-go/pullzone_edgerule_set_enabled.go:23.17,24.21 1 0
github.com/proximahq/bunny-net-go/pullzone_edgerule_set_enabled.go:24.21,26.4 1 0
github.com/proximahq/bunny-net-go/pullzone_edgerule_set_enabled.go:26.9,26.36 1 0
github.com/proximahq/bunny-net-go/pullzone_edgerule_set_enabled.go:26.36,28.4 1 0
github.com/proximahq/bunny-net-go/pullzone_edgerule_set_enabled.go:31.2,32.48 2 0
github.com/proximahq/bunny-net-go/pullzone_get.go:177.81,180.2 2 0
github.com/proximahq/bunny-net-go/pullzone_remove_custom_hostname.go:20.128,23.2 2 0
github.com/proximahq/bunny-net-go/pullzone_set_force_ssl.go:19.110,22.2 2 0
github.com/proximahq/bunny-net-go/pullzone_update.go:110.113,118.2 2 0
github.com/proximahq/bunny-net-go/region_list.go:22.78,24.2 1 0
github.com/proximahq/bunny-net-go/resource_delete.go:10.9,12.16 2 0
github.com/proximahq/bunny-net-go/resource_delete.go:12.16,14.3 1 0
github.com/proximahq/bunny-net-go/resource_delete.go:16.2,16.42 1 0
github.com/proximahq/bunny-net-go/resource_get.go:10.18,14.16 3 0
github.com/proximahq/bunny-net-go/resource_get.go:14.16,16.3 1 0
github.com/proximahq/bunny-net-go/resource_get.go:18.2,18.59 1 0
github.com/proximahq/bunny-net-go/resource_get.go:18.59,20.3 1 0
github.com/proximahq/bunny-net-go/resource_get.go:22.2,22.18 1 0
github.com/proximahq/bunny-net-go/resource_list.go:35.49,36.16 1 0
github.com/proximahq/bunny-net-go/resource_list.go:36.16,38.3 1 0
github.com/proximahq/bunny-net-go/resource_list.go:40.2,40.19 1 0
github.com/proximahq/bunny-net-go/resource_list.go:40.19,42.3 1 0
github.com/proximahq/bunny-net-go/resource_list.go:50.18,57.17 2 0
github.com/proximahq/bunny-net-go/resource_list.go:57.17,62.3 1 0
github.com/proximahq/bunny-net-go/resource_list.go:62.8,64.3 1 0
github.com/proximahq/bunny-net-go/resource_list.go:66.2,67.16 2 0
github.com/proximahq/bunny-net-go/resource_list.go:67.16,69.3 1 0
github.com/proximahq/bunny-net-go/resource_list.go:71.2,71.59 1 0
github.com/proximahq/bunny-net-go/resource_list.go:71.59,73.3 1 0
github.com/proximahq/bunny-net-go/resource_list.go:75.2,75.18 1 0
github.com/proximahq/bunny-net-go/resource_post.go:12.19,16.16 3 0
github.com/proximahq/bunny-net-go/resource_post.go:16.16,18.3 1 0
github.com/proximahq/bunny-net-go/resource_post.go:20.2,20.59 1 0
github.com/proximahq/bunny-net-go/resource_post.go:20.59,22.3 1 0
github.com/proximahq/bunny-net-go/resource_post.go:24.2,24.17 1 0
github.com/proximahq/bunny-net-go/resource_post.go:32.18,36.16 3 0
github.com/proximahq/bunny-net-go/resource_post.go:36.16,38.3 1 0
github.com/proximahq/bunny-net-go/resource_post.go:40.2,40.59 1 0
github.com/proximahq/bunny-net-go/resource_post.go:40.59,42.3 1 0
github.com/proximahq/bunny-net-go/resource_post.go:44.2,44.18 1 0
github.com/proximahq/bunny-net-go/resource_post.go:52.9,54.16 2 0
github.com/proximahq/bunny-net-go/resource_post.go:54.16,56.3 1 0
github.com/proximahq/bunny-net-go/resource_post.go:58.2,58.42 1 0
github.com/proximahq/bunny-net-go/resource_put.go:10.18,14.16 3 0
github.com/proximahq/bunny-net-go/resource_put.go:14.16,16.3 1 0
github.com/proximahq/bunny-net-go/resource_put.go:18.2,18.59 1 0
github.com/proximahq/bunny-net-go/resource_put.go:18.59,20.3 1 0
github.com/proximahq/bunny-net-go/resource_put.go:22.2,22.18 1 0
